<?xml version="1.0" encoding="UTF-8"?>
<testng-results ignored="0" total="2" passed="2" failed="0" skipped="0">
  <reporter-output>
  </reporter-output>
  <suite started-at="2023-02-06T22:30:06 IST" name="Vance Testing Demo APp automation run" finished-at="2023-02-06T22:30:31 IST" duration-ms="24683">
    <groups>
    </groups>
    <test started-at="2023-02-06T22:30:06 IST" name="Second Device Run" finished-at="2023-02-06T22:30:29 IST" duration-ms="22282">
      <class name="org.vance.TestImplementation.AppSection">
        <test-method is-config="true" signature="beforeSuiteInit()[pri:0, instance:org.vance.TestImplementation.AppSection@2a225dd7]" started-at="2023-02-06T22:30:06 IST" name="beforeSuiteInit" finished-at="2023-02-06T22:30:06 IST" duration-ms="13" status="PASS">
          <reporter-output>
          </reporter-output>
        </test-method> <!-- beforeSuiteInit -->
        <test-method is-config="true" signature="initDriver(java.lang.String,java.lang.String,java.lang.String,java.lang.String,java.lang.String,long,java.lang.String)[pri:0, instance:org.vance.TestImplementation.AppSection@2a225dd7]" started-at="2023-02-06T22:30:06 IST" name="initDriver" finished-at="2023-02-06T22:30:25 IST" duration-ms="18074" status="PASS">
          <params>
            <param index="0">
              <value>
                <![CDATA[Android]]>
              </value>
            </param>
            <param index="1">
              <value>
                <![CDATA[io.appium.android.apis.ApiDemos]]>
              </value>
            </param>
            <param index="2">
              <value>
                <![CDATA[RZ8M93F2Y7A]]>
              </value>
            </param>
            <param index="3">
              <value>
                <![CDATA[RZ8M93F2Y7A]]>
              </value>
            </param>
            <param index="4">
              <value>
                <![CDATA[11]]>
              </value>
            </param>
            <param index="5">
              <value>
                <![CDATA[8200]]>
              </value>
            </param>
            <param index="6">
              <value>
                <![CDATA[4724]]>
              </value>
            </param>
          </params>
          <reporter-output>
          </reporter-output>
        </test-method> <!-- initDriver -->
        <test-method is-config="true" signature="beforeClassInvoke()[pri:0, instance:org.vance.TestImplementation.AppSection@2a225dd7]" started-at="2023-02-06T22:30:25 IST" name="beforeClassInvoke" finished-at="2023-02-06T22:30:25 IST" duration-ms="0" status="PASS">
          <reporter-output>
          </reporter-output>
        </test-method> <!-- beforeClassInvoke -->
        <test-method signature="appSectionFlowTest()[pri:0, instance:org.vance.TestImplementation.AppSection@2a225dd7]" started-at="2023-02-06T22:30:25 IST" name="appSectionFlowTest" finished-at="2023-02-06T22:30:29 IST" duration-ms="4162" status="PASS">
          <reporter-output>
          </reporter-output>
        </test-method> <!-- appSectionFlowTest -->
        <test-method is-config="true" signature="afterSuiteCompilation()[pri:0, instance:org.vance.TestImplementation.AppSection@2a225dd7]" started-at="2023-02-06T22:30:31 IST" name="afterSuiteCompilation" finished-at="2023-02-06T22:30:31 IST" duration-ms="1" status="FAIL">
          <exception class="java.lang.NullPointerException">
            <full-stacktrace>
              <![CDATA[java.lang.NullPointerException
at org.vance.Base.InitDriver.afterSuiteCompilation(InitDriver.java:48)
at java.base/jdk.internal.reflect.NativeMethodAccessorImpl.invoke0(Native Method)
at java.base/jdk.internal.reflect.NativeMethodAccessorImpl.invoke(NativeMethodAccessorImpl.java:62)
at java.base/jdk.internal.reflect.DelegatingMethodAccessorImpl.invoke(DelegatingMethodAccessorImpl.java:43)
at java.base/java.lang.reflect.Method.invoke(Method.java:566)
at org.testng.internal.invokers.MethodInvocationHelper.invokeMethod(MethodInvocationHelper.java:139)
at org.testng.internal.invokers.MethodInvocationHelper.invokeMethodConsideringTimeout(MethodInvocationHelper.java:69)
at org.testng.internal.invokers.ConfigInvoker.invokeConfigurationMethod(ConfigInvoker.java:361)
at org.testng.internal.invokers.ConfigInvoker.invokeConfigurations(ConfigInvoker.java:296)
at org.testng.SuiteRunner.privateRun(SuiteRunner.java:404)
at org.testng.SuiteRunner.run(SuiteRunner.java:330)
at org.testng.SuiteRunnerWorker.runSuite(SuiteRunnerWorker.java:52)
at org.testng.SuiteRunnerWorker.run(SuiteRunnerWorker.java:95)
at org.testng.TestNG.runSuitesSequentially(TestNG.java:1256)
at org.testng.TestNG.runSuitesLocally(TestNG.java:1176)
at org.testng.TestNG.runSuites(TestNG.java:1099)
at org.testng.TestNG.run(TestNG.java:1067)
at org.apache.maven.surefire.testng.TestNGExecutor.run(TestNGExecutor.java:295)
at org.apache.maven.surefire.testng.TestNGXmlTestSuite.execute(TestNGXmlTestSuite.java:84)
at org.apache.maven.surefire.testng.TestNGProvider.invoke(TestNGProvider.java:90)
at org.apache.maven.surefire.booter.ForkedBooter.invokeProviderInSameClassLoader(ForkedBooter.java:203)
at org.apache.maven.surefire.booter.ForkedBooter.runSuitesInProcess(ForkedBooter.java:155)
at org.apache.maven.surefire.booter.ForkedBooter.main(ForkedBooter.java:103)
]]>
            </full-stacktrace>
          </exception> <!-- java.lang.NullPointerException -->
          <reporter-output>
          </reporter-output>
        </test-method> <!-- afterSuiteCompilation -->
      </class> <!-- org.vance.TestImplementation.AppSection -->
    </test> <!-- Second Device Run -->
    <test started-at="2023-02-06T22:30:06 IST" name="First Device Run" finished-at="2023-02-06T22:30:31 IST" duration-ms="24683">
      <class name="org.vance.TestImplementation.AppSection">
        <test-method is-config="true" signature="initDriver(java.lang.String,java.lang.String,java.lang.String,java.lang.String,java.lang.String,long,java.lang.String)[pri:0, instance:org.vance.TestImplementation.AppSection@44a59da3]" started-at="2023-02-06T22:30:06 IST" name="initDriver" finished-at="2023-02-06T22:30:28 IST" duration-ms="21272" status="PASS">
          <params>
            <param index="0">
              <value>
                <![CDATA[Android]]>
              </value>
            </param>
            <param index="1">
              <value>
                <![CDATA[io.appium.android.apis.ApiDemos]]>
              </value>
            </param>
            <param index="2">
              <value>
                <![CDATA[NRHAZTO7Q8KJUKFY]]>
              </value>
            </param>
            <param index="3">
              <value>
                <![CDATA[NRHAZTO7Q8KJUKFY]]>
              </value>
            </param>
            <param index="4">
              <value>
                <![CDATA[12]]>
              </value>
            </param>
            <param index="5">
              <value>
                <![CDATA[8100]]>
              </value>
            </param>
            <param index="6">
              <value>
                <![CDATA[4723]]>
              </value>
            </param>
          </params>
          <reporter-output>
          </reporter-output>
        </test-method> <!-- initDriver -->
        <test-method is-config="true" signature="beforeClassInvoke()[pri:0, instance:org.vance.TestImplementation.AppSection@44a59da3]" started-at="2023-02-06T22:30:28 IST" name="beforeClassInvoke" finished-at="2023-02-06T22:30:28 IST" duration-ms="1" status="PASS">
          <reporter-output>
          </reporter-output>
        </test-method> <!-- beforeClassInvoke -->
        <test-method signature="appSectionFlowTest()[pri:0, instance:org.vance.TestImplementation.AppSection@44a59da3]" started-at="2023-02-06T22:30:28 IST" name="appSectionFlowTest" finished-at="2023-02-06T22:30:31 IST" duration-ms="3384" status="PASS">
          <reporter-output>
          </reporter-output>
        </test-method> <!-- appSectionFlowTest -->
      </class> <!-- org.vance.TestImplementation.AppSection -->
    </test> <!-- First Device Run -->
  </suite> <!-- Vance Testing Demo APp automation run -->
</testng-results>
